DEFINE REPORT TEMPLATE
   TITLE 'INFORME DE CAJA|' + wempresa
   HEADERS {'N° de','       CANTIDAD',' ',' '} ,  {'USUARIO','         TIEMPO','FECHA','          VALOR'}
   FIELDS {'usuario','tiempo','fecha','valor'}
   WIDTHS {15,15,15,15}
   TOTALS {.F.,.F.,.F.,.T.}
   NFORMATS { , , ,' 999,999,999.99'}
   WORKAREA mtiempo
   LPP 55
   CPL 80
   LMARGIN 5
   PAPERSIZE DMPAPER_A4
   PREVIEW
   SELECT
   IMAGE {'rosa.jpg',10,10,20,20 }
   MULTIPLE
   GROUPED BY EVERY PAGE
   GROUPEJECT
   HEADRGRP 'Usuario:'
   HEADING " - Sucursales"
   TMARGIN 5
END REPORT
